<?xml version="1.0" encoding="UTF-8"?>
<testsuite xmlns:xsi="http://www.w3.org/2001/XMLSchema-instance" xsi:noNamespaceSchemaLocation="https://maven.apache.org/surefire/maven-surefire-plugin/xsd/surefire-test-report.xsd" name="com.vattima.bricklink.reporting.wantedlist.model.WantedItemTest" time="0.068" tests="5" errors="0" skipped="0" failures="0">
  <properties>
    <property name="sun.desktop" value="windows"/>
    <property name="awt.toolkit" value="sun.awt.windows.WToolkit"/>
    <property name="file.encoding.pkg" value="sun.io"/>
    <property name="java.specification.version" value="1.8"/>
    <property name="sun.cpu.isalist" value="amd64"/>
    <property name="sun.jnu.encoding" value="Cp1252"/>
    <property name="java.class.path" value="D:\dev\workspaces\bricklink-reporting\target\test-classes;D:\dev\workspaces\bricklink-reporting\target\classes;D:\dev\m2_repo\org\springframework\boot\spring-boot-configuration-processor\2.2.4.RELEASE\spring-boot-configuration-processor-2.2.4.RELEASE.jar;D:\dev\m2_repo\org\projectlombok\lombok\1.18.10\lombok-1.18.10.jar;D:\dev\m2_repo\org\springframework\boot\spring-boot-starter-test\2.2.4.RELEASE\spring-boot-starter-test-2.2.4.RELEASE.jar;D:\dev\m2_repo\org\springframework\boot\spring-boot-starter\2.2.4.RELEASE\spring-boot-starter-2.2.4.RELEASE.jar;D:\dev\m2_repo\org\springframework\boot\spring-boot\2.2.4.RELEASE\spring-boot-2.2.4.RELEASE.jar;D:\dev\m2_repo\org\springframework\spring-context\5.2.3.RELEASE\spring-context-5.2.3.RELEASE.jar;D:\dev\m2_repo\org\springframework\spring-aop\5.2.3.RELEASE\spring-aop-5.2.3.RELEASE.jar;D:\dev\m2_repo\org\springframework\spring-beans\5.2.3.RELEASE\spring-beans-5.2.3.RELEASE.jar;D:\dev\m2_repo\org\springframework\spring-expression\5.2.3.RELEASE\spring-expression-5.2.3.RELEASE.jar;D:\dev\m2_repo\org\springframework\boot\spring-boot-autoconfigure\2.2.4.RELEASE\spring-boot-autoconfigure-2.2.4.RELEASE.jar;D:\dev\m2_repo\org\springframework\boot\spring-boot-starter-logging\2.2.4.RELEASE\spring-boot-starter-logging-2.2.4.RELEASE.jar;D:\dev\m2_repo\ch\qos\logback\logback-classic\1.2.3\logback-classic-1.2.3.jar;D:\dev\m2_repo\ch\qos\logback\logback-core\1.2.3\logback-core-1.2.3.jar;D:\dev\m2_repo\org\apache\logging\log4j\log4j-to-slf4j\2.12.1\log4j-to-slf4j-2.12.1.jar;D:\dev\m2_repo\org\apache\logging\log4j\log4j-api\2.12.1\log4j-api-2.12.1.jar;D:\dev\m2_repo\org\slf4j\jul-to-slf4j\1.7.30\jul-to-slf4j-1.7.30.jar;D:\dev\m2_repo\jakarta\annotation\jakarta.annotation-api\1.3.5\jakarta.annotation-api-1.3.5.jar;D:\dev\m2_repo\org\yaml\snakeyaml\1.25\snakeyaml-1.25.jar;D:\dev\m2_repo\org\springframework\boot\spring-boot-test\2.2.4.RELEASE\spring-boot-test-2.2.4.RELEASE.jar;D:\dev\m2_repo\org\springframework\boot\spring-boot-test-autoconfigure\2.2.4.RELEASE\spring-boot-test-autoconfigure-2.2.4.RELEASE.jar;D:\dev\m2_repo\com\jayway\jsonpath\json-path\2.4.0\json-path-2.4.0.jar;D:\dev\m2_repo\net\minidev\json-smart\2.3\json-smart-2.3.jar;D:\dev\m2_repo\net\minidev\accessors-smart\1.2\accessors-smart-1.2.jar;D:\dev\m2_repo\org\ow2\asm\asm\5.0.4\asm-5.0.4.jar;D:\dev\m2_repo\org\slf4j\slf4j-api\1.7.30\slf4j-api-1.7.30.jar;D:\dev\m2_repo\jakarta\xml\bind\jakarta.xml.bind-api\2.3.2\jakarta.xml.bind-api-2.3.2.jar;D:\dev\m2_repo\jakarta\activation\jakarta.activation-api\1.2.1\jakarta.activation-api-1.2.1.jar;D:\dev\m2_repo\org\junit\jupiter\junit-jupiter\5.5.2\junit-jupiter-5.5.2.jar;D:\dev\m2_repo\org\junit\jupiter\junit-jupiter-api\5.5.2\junit-jupiter-api-5.5.2.jar;D:\dev\m2_repo\org\opentest4j\opentest4j\1.2.0\opentest4j-1.2.0.jar;D:\dev\m2_repo\org\junit\platform\junit-platform-commons\1.5.2\junit-platform-commons-1.5.2.jar;D:\dev\m2_repo\org\junit\jupiter\junit-jupiter-params\5.5.2\junit-jupiter-params-5.5.2.jar;D:\dev\m2_repo\org\junit\jupiter\junit-jupiter-engine\5.5.2\junit-jupiter-engine-5.5.2.jar;D:\dev\m2_repo\org\junit\vintage\junit-vintage-engine\5.5.2\junit-vintage-engine-5.5.2.jar;D:\dev\m2_repo\org\apiguardian\apiguardian-api\1.1.0\apiguardian-api-1.1.0.jar;D:\dev\m2_repo\org\junit\platform\junit-platform-engine\1.5.2\junit-platform-engine-1.5.2.jar;D:\dev\m2_repo\junit\junit\4.12\junit-4.12.jar;D:\dev\m2_repo\org\mockito\mockito-junit-jupiter\3.1.0\mockito-junit-jupiter-3.1.0.jar;D:\dev\m2_repo\org\hamcrest\hamcrest\2.1\hamcrest-2.1.jar;D:\dev\m2_repo\org\mockito\mockito-core\3.1.0\mockito-core-3.1.0.jar;D:\dev\m2_repo\net\bytebuddy\byte-buddy\1.10.6\byte-buddy-1.10.6.jar;D:\dev\m2_repo\net\bytebuddy\byte-buddy-agent\1.10.6\byte-buddy-agent-1.10.6.jar;D:\dev\m2_repo\org\objenesis\objenesis\2.6\objenesis-2.6.jar;D:\dev\m2_repo\org\skyscreamer\jsonassert\1.5.0\jsonassert-1.5.0.jar;D:\dev\m2_repo\com\vaadin\external\google\android-json\0.0.20131108.vaadin1\android-json-0.0.20131108.vaadin1.jar;D:\dev\m2_repo\org\springframework\spring-core\5.2.3.RELEASE\spring-core-5.2.3.RELEASE.jar;D:\dev\m2_repo\org\springframework\spring-jcl\5.2.3.RELEASE\spring-jcl-5.2.3.RELEASE.jar;D:\dev\m2_repo\org\springframework\spring-test\5.2.3.RELEASE\spring-test-5.2.3.RELEASE.jar;D:\dev\m2_repo\org\xmlunit\xmlunit-core\2.6.3\xmlunit-core-2.6.3.jar;D:\dev\m2_repo\org\assertj\assertj-core\3.13.2\assertj-core-3.13.2.jar;"/>
    <property name="java.vm.vendor" value="Oracle Corporation"/>
    <property name="sun.arch.data.model" value="64"/>
    <property name="user.variant" value=""/>
    <property name="java.vendor.url" value="http://java.oracle.com/"/>
    <property name="user.timezone" value="America/New_York"/>
    <property name="java.vm.specification.version" value="1.8"/>
    <property name="os.name" value="Windows 10"/>
    <property name="user.country" value="US"/>
    <property name="sun.java.launcher" value="SUN_STANDARD"/>
    <property name="sun.boot.library.path" value="D:\dev\tools\jdk1.8.0_172\jre\bin"/>
    <property name="sun.java.command" value="C:\Users\tvatt\AppData\Local\Temp\surefire5715037816752588379\surefirebooter3615106746095850948.jar C:\Users\tvatt\AppData\Local\Temp\surefire5715037816752588379 2021-02-06T14-25-07_269-jvmRun1 surefire2648682934111958515tmp surefire_06622012596195625166tmp"/>
    <property name="surefire.test.class.path" value="D:\dev\workspaces\bricklink-reporting\target\test-classes;D:\dev\workspaces\bricklink-reporting\target\classes;D:\dev\m2_repo\org\springframework\boot\spring-boot-configuration-processor\2.2.4.RELEASE\spring-boot-configuration-processor-2.2.4.RELEASE.jar;D:\dev\m2_repo\org\projectlombok\lombok\1.18.10\lombok-1.18.10.jar;D:\dev\m2_repo\org\springframework\boot\spring-boot-starter-test\2.2.4.RELEASE\spring-boot-starter-test-2.2.4.RELEASE.jar;D:\dev\m2_repo\org\springframework\boot\spring-boot-starter\2.2.4.RELEASE\spring-boot-starter-2.2.4.RELEASE.jar;D:\dev\m2_repo\org\springframework\boot\spring-boot\2.2.4.RELEASE\spring-boot-2.2.4.RELEASE.jar;D:\dev\m2_repo\org\springframework\spring-context\5.2.3.RELEASE\spring-context-5.2.3.RELEASE.jar;D:\dev\m2_repo\org\springframework\spring-aop\5.2.3.RELEASE\spring-aop-5.2.3.RELEASE.jar;D:\dev\m2_repo\org\springframework\spring-beans\5.2.3.RELEASE\spring-beans-5.2.3.RELEASE.jar;D:\dev\m2_repo\org\springframework\spring-expression\5.2.3.RELEASE\spring-expression-5.2.3.RELEASE.jar;D:\dev\m2_repo\org\springframework\boot\spring-boot-autoconfigure\2.2.4.RELEASE\spring-boot-autoconfigure-2.2.4.RELEASE.jar;D:\dev\m2_repo\org\springframework\boot\spring-boot-starter-logging\2.2.4.RELEASE\spring-boot-starter-logging-2.2.4.RELEASE.jar;D:\dev\m2_repo\ch\qos\logback\logback-classic\1.2.3\logback-classic-1.2.3.jar;D:\dev\m2_repo\ch\qos\logback\logback-core\1.2.3\logback-core-1.2.3.jar;D:\dev\m2_repo\org\apache\logging\log4j\log4j-to-slf4j\2.12.1\log4j-to-slf4j-2.12.1.jar;D:\dev\m2_repo\org\apache\logging\log4j\log4j-api\2.12.1\log4j-api-2.12.1.jar;D:\dev\m2_repo\org\slf4j\jul-to-slf4j\1.7.30\jul-to-slf4j-1.7.30.jar;D:\dev\m2_repo\jakarta\annotation\jakarta.annotation-api\1.3.5\jakarta.annotation-api-1.3.5.jar;D:\dev\m2_repo\org\yaml\snakeyaml\1.25\snakeyaml-1.25.jar;D:\dev\m2_repo\org\springframework\boot\spring-boot-test\2.2.4.RELEASE\spring-boot-test-2.2.4.RELEASE.jar;D:\dev\m2_repo\org\springframework\boot\spring-boot-test-autoconfigure\2.2.4.RELEASE\spring-boot-test-autoconfigure-2.2.4.RELEASE.jar;D:\dev\m2_repo\com\jayway\jsonpath\json-path\2.4.0\json-path-2.4.0.jar;D:\dev\m2_repo\net\minidev\json-smart\2.3\json-smart-2.3.jar;D:\dev\m2_repo\net\minidev\accessors-smart\1.2\accessors-smart-1.2.jar;D:\dev\m2_repo\org\ow2\asm\asm\5.0.4\asm-5.0.4.jar;D:\dev\m2_repo\org\slf4j\slf4j-api\1.7.30\slf4j-api-1.7.30.jar;D:\dev\m2_repo\jakarta\xml\bind\jakarta.xml.bind-api\2.3.2\jakarta.xml.bind-api-2.3.2.jar;D:\dev\m2_repo\jakarta\activation\jakarta.activation-api\1.2.1\jakarta.activation-api-1.2.1.jar;D:\dev\m2_repo\org\junit\jupiter\junit-jupiter\5.5.2\junit-jupiter-5.5.2.jar;D:\dev\m2_repo\org\junit\jupiter\junit-jupiter-api\5.5.2\junit-jupiter-api-5.5.2.jar;D:\dev\m2_repo\org\opentest4j\opentest4j\1.2.0\opentest4j-1.2.0.jar;D:\dev\m2_repo\org\junit\platform\junit-platform-commons\1.5.2\junit-platform-commons-1.5.2.jar;D:\dev\m2_repo\org\junit\jupiter\junit-jupiter-params\5.5.2\junit-jupiter-params-5.5.2.jar;D:\dev\m2_repo\org\junit\jupiter\junit-jupiter-engine\5.5.2\junit-jupiter-engine-5.5.2.jar;D:\dev\m2_repo\org\junit\vintage\junit-vintage-engine\5.5.2\junit-vintage-engine-5.5.2.jar;D:\dev\m2_repo\org\apiguardian\apiguardian-api\1.1.0\apiguardian-api-1.1.0.jar;D:\dev\m2_repo\org\junit\platform\junit-platform-engine\1.5.2\junit-platform-engine-1.5.2.jar;D:\dev\m2_repo\junit\junit\4.12\junit-4.12.jar;D:\dev\m2_repo\org\mockito\mockito-junit-jupiter\3.1.0\mockito-junit-jupiter-3.1.0.jar;D:\dev\m2_repo\org\hamcrest\hamcrest\2.1\hamcrest-2.1.jar;D:\dev\m2_repo\org\mockito\mockito-core\3.1.0\mockito-core-3.1.0.jar;D:\dev\m2_repo\net\bytebuddy\byte-buddy\1.10.6\byte-buddy-1.10.6.jar;D:\dev\m2_repo\net\bytebuddy\byte-buddy-agent\1.10.6\byte-buddy-agent-1.10.6.jar;D:\dev\m2_repo\org\objenesis\objenesis\2.6\objenesis-2.6.jar;D:\dev\m2_repo\org\skyscreamer\jsonassert\1.5.0\jsonassert-1.5.0.jar;D:\dev\m2_repo\com\vaadin\external\google\android-json\0.0.20131108.vaadin1\android-json-0.0.20131108.vaadin1.jar;D:\dev\m2_repo\org\springframework\spring-core\5.2.3.RELEASE\spring-core-5.2.3.RELEASE.jar;D:\dev\m2_repo\org\springframework\spring-jcl\5.2.3.RELEASE\spring-jcl-5.2.3.RELEASE.jar;D:\dev\m2_repo\org\springframework\spring-test\5.2.3.RELEASE\spring-test-5.2.3.RELEASE.jar;D:\dev\m2_repo\org\xmlunit\xmlunit-core\2.6.3\xmlunit-core-2.6.3.jar;D:\dev\m2_repo\org\assertj\assertj-core\3.13.2\assertj-core-3.13.2.jar;"/>
    <property name="sun.cpu.endian" value="little"/>
    <property name="user.home" value="C:\Users\tvatt"/>
    <property name="user.language" value="en"/>
    <property name="java.specification.vendor" value="Oracle Corporation"/>
    <property name="java.home" value="D:\dev\tools\jdk1.8.0_172\jre"/>
    <property name="basedir" value="D:\dev\workspaces\bricklink-reporting"/>
    <property name="file.separator" value="\"/>
    <property name="line.separator" value="&#10;"/>
    <property name="java.vm.specification.vendor" value="Oracle Corporation"/>
    <property name="java.specification.name" value="Java Platform API Specification"/>
    <property name="java.awt.graphicsenv" value="sun.awt.Win32GraphicsEnvironment"/>
    <property name="surefire.real.class.path" value="C:\Users\tvatt\AppData\Local\Temp\surefire5715037816752588379\surefirebooter3615106746095850948.jar"/>
    <property name="sun.boot.class.path" value="D:\dev\tools\jdk1.8.0_172\jre\lib\resources.jar;D:\dev\tools\jdk1.8.0_172\jre\lib\rt.jar;D:\dev\tools\jdk1.8.0_172\jre\lib\sunrsasign.jar;D:\dev\tools\jdk1.8.0_172\jre\lib\jsse.jar;D:\dev\tools\jdk1.8.0_172\jre\lib\jce.jar;D:\dev\tools\jdk1.8.0_172\jre\lib\charsets.jar;D:\dev\tools\jdk1.8.0_172\jre\lib\jfr.jar;D:\dev\tools\jdk1.8.0_172\jre\classes"/>
    <property name="user.script" value=""/>
    <property name="sun.management.compiler" value="HotSpot 64-Bit Tiered Compilers"/>
    <property name="java.runtime.version" value="1.8.0_172-b11"/>
    <property name="user.name" value="tvattima"/>
    <property name="path.separator" value=";"/>
    <property name="os.version" value="10.0"/>
    <property name="java.endorsed.dirs" value="D:\dev\tools\jdk1.8.0_172\jre\lib\endorsed"/>
    <property name="java.runtime.name" value="Java(TM) SE Runtime Environment"/>
    <property name="file.encoding" value="Cp1252"/>
    <property name="java.vm.name" value="Java HotSpot(TM) 64-Bit Server VM"/>
    <property name="localRepository" value="D:\dev\m2_repo"/>
    <property name="java.vendor.url.bug" value="http://bugreport.sun.com/bugreport/"/>
    <property name="java.io.tmpdir" value="C:\Users\tvatt\AppData\Local\Temp\"/>
    <property name="idea.version" value="2020.2"/>
    <property name="java.version" value="1.8.0_172"/>
    <property name="user.dir" value="D:\dev\workspaces\bricklink-reporting"/>
    <property name="os.arch" value="amd64"/>
    <property name="java.vm.specification.name" value="Java Virtual Machine Specification"/>
    <property name="java.awt.printerjob" value="sun.awt.windows.WPrinterJob"/>
    <property name="sun.os.patch.level" value=""/>
    <property name="java.library.path" value="D:\dev\tools\jdk1.8.0_172\jre\bin;C:\WINDOWS\Sun\Java\bin;C:\WINDOWS\system32;C:\WINDOWS;C:\Python39\Scripts\;C:\Python39\;C:\Python37\Scripts\;C:\Python37\;C:\Python36\Scripts\;C:\Python36\;C:\Program Files (x86)\Common Files\Oracle\Java\javapath;C:\Program Files (x86)\Common Files\Intel\Shared Libraries\redist\intel64\compiler;C:\Program Files\Broadcom\Broadcom 802.11 Network Adapter;C:\Windows\system32;C:\Windows;C:\Windows\System32\Wbem;C:\Windows\System32\WindowsPowerShell\v1.0\;C:\WINDOWS\system32;C:\WINDOWS;C:\WINDOWS\System32\Wbem;C:\WINDOWS\System32\WindowsPowerShell\v1.0\;C:\WINDOWS\System32\OpenSSH\;C:\Android;C:\Program Files\nodejs\;C:\ProgramData\chocolatey\bin;C:\Program Files\Java\jdk1.8.0_181\bin;C:\Program Files\OpenSSH-Win64;C:\Program Files (x86)\NVIDIA Corporation\PhysX\Common;C:\Program Files\Java\jdk1.8.0_201\bin;C:\Program Files\Amazon\AWSCLI\bin\;C:\Program Files\Java\jdk1.8.0_221\bin;C:\ProgramData\chocolatey\lib\maven\apache-maven-3.6.3\bin;C:\WINDOWS\system32;C:\WINDOWS;C:\WINDOWS\System32\Wbem;C:\WINDOWS\System32\WindowsPowerShell\v1.0\;C:\WINDOWS\System32\OpenSSH\;C:\Program Files (x86)\Sennheiser\SoftphoneSDK\;C:\Program Files (x86)\Common Files\Acronis\VirtualFile\;C:\Program Files (x86)\Common Files\Acronis\VirtualFile64\;C:\Program Files (x86)\Common Files\Acronis\FileProtector\;C:\Program Files (x86)\Common Files\Acronis\FileProtector64\;C:\Program Files (x86)\Common Files\Acronis\SnapAPI\;C:\Program Files\Amazon\AWSCLIV2\;C:\Program Files\Git\cmd;C:\ProgramData\chocolatey\lib\maven\apache-maven-3.6.3\bin;C:\Users\tvatt\AppData\Local\Programs\Python\Launcher\;C:\Users\tvatt\AppData\Local\Microsoft\WindowsApps;C:\Users\tvatt\AppData\Roaming\npm;C:\Users\tvatt\AppData\Roaming\Python\Python36\Scripts;%USERPROFILE%\AppData\Local\Microsoft\WindowsApps;;."/>
    <property name="java.vm.info" value="mixed mode"/>
    <property name="java.vendor" value="Oracle Corporation"/>
    <property name="java.vm.version" value="25.172-b11"/>
    <property name="java.ext.dirs" value="D:\dev\tools\jdk1.8.0_172\jre\lib\ext;C:\WINDOWS\Sun\Java\lib\ext"/>
    <property name="sun.io.unicode.encoding" value="UnicodeLittle"/>
    <property name="maven.repo.local" value="D:\dev\m2_repo"/>
    <property name="java.class.version" value="52.0"/>
  </properties>
  <testcase name="equalsAndHashCode_samePart_differentColorAndCondition_notEqual" classname="com.vattima.bricklink.reporting.wantedlist.model.WantedItemTest" time="0.058"/>
  <testcase name="equalsAndHashCode_differentPartAndColorAndCondition_notEqual" classname="com.vattima.bricklink.reporting.wantedlist.model.WantedItemTest" time="0"/>
  <testcase name="equalsAndHashCode_samePartAndColor_differentCondition_notEqual" classname="com.vattima.bricklink.reporting.wantedlist.model.WantedItemTest" time="0.001"/>
  <testcase name="builder" classname="com.vattima.bricklink.reporting.wantedlist.model.WantedItemTest" time="0.005"/>
  <testcase name="equalsAndHashCode_samePartAndColorAndCondition_equal" classname="com.vattima.bricklink.reporting.wantedlist.model.WantedItemTest" time="0.001"/>
</testsuite>